{
  "stats": {
    "suites": 12,
    "tests": 41,
    "passes": 19,
    "pending": 0,
    "failures": 22,
    "start": "2021-10-25T21:26:13.804Z",
    "end": "2021-10-25T21:27:46.069Z",
    "duration": 92265,
    "testsRegistered": 41,
    "passPercent": 46.34146341463415,
    "pendingPercent": 0,
    "other": 0,
    "hasOther": false,
    "skipped": 0,
    "hasSkipped": false
  },
  "results": [
    {
      "uuid": "2b9da8ed-07ce-47a3-8763-0bdf0fcab184",
      "title": "",
      "fullFile": "cypress/integration/project.spec.js",
      "file": "cypress/integration/project.spec.js",
      "beforeHooks": [],
      "afterHooks": [],
      "tests": [],
      "suites": [
        {
          "uuid": "8f0bc589-59a0-4117-9ed5-3fc0a294d39b",
          "title": "1 - Adicione à página o título \"Paleta de Cores\".",
          "fullFile": "",
          "file": "",
          "beforeHooks": [],
          "afterHooks": [],
          "tests": [
            {
              "title": "Verifica se contém um elemento `h1` com o id `title` com o título correto",
              "fullTitle": "1 - Adicione à página o título \"Paleta de Cores\". Verifica se contém um elemento `h1` com o id `title` com o título correto",
              "timedOut": null,
              "duration": 106,
              "state": "passed",
              "speed": "slow",
              "pass": true,
              "fail": false,
              "pending": false,
              "context": null,
              "code": "cy.get('h1#title').should('contain.text', 'Paleta de Cores');",
              "err": {},
              "uuid": "11b17032-445a-4bb1-a8b6-2de45ac52e9d",
              "parentUUID": "8f0bc589-59a0-4117-9ed5-3fc0a294d39b",
              "isHook": false,
              "skipped": false
            }
          ],
          "suites": [],
          "passes": [
            "11b17032-445a-4bb1-a8b6-2de45ac52e9d"
          ],
          "failures": [],
          "pending": [],
          "skipped": [],
          "duration": 106,
          "root": false,
          "rootEmpty": false,
          "_timeout": 2000
        },
        {
          "uuid": "f1e47211-80d3-4099-8e3f-5778c3897239",
          "title": "2 - Adicione à página uma paleta de quatro cores distintas.",
          "fullFile": "",
          "file": "",
          "beforeHooks": [],
          "afterHooks": [],
          "tests": [
            {
              "title": "A paleta de cores deve ser um elemento com `id` denominado `color-palette`",
              "fullTitle": "2 - Adicione à página uma paleta de quatro cores distintas. A paleta de cores deve ser um elemento com `id` denominado `color-palette`",
              "timedOut": null,
              "duration": 50,
              "state": "passed",
              "speed": "medium",
              "pass": true,
              "fail": false,
              "pending": false,
              "context": null,
              "code": "cy.get('#color-palette').should('be.visible');\ncy.get('#color-palette').children('.color');",
              "err": {},
              "uuid": "22570d80-225a-4136-8b0c-ef810ec3f018",
              "parentUUID": "f1e47211-80d3-4099-8e3f-5778c3897239",
              "isHook": false,
              "skipped": false
            },
            {
              "title": "Verifica se cada cor individual da paleta de cores possui a `classe` chamada `color`.",
              "fullTitle": "2 - Adicione à página uma paleta de quatro cores distintas. Verifica se cada cor individual da paleta de cores possui a `classe` chamada `color`.",
              "timedOut": null,
              "duration": 67,
              "state": "passed",
              "speed": "medium",
              "pass": true,
              "fail": false,
              "pending": false,
              "context": null,
              "code": "cy.get('.color').should('have.length', 4).then(function (colors) {\n  for (var i = 0; i < colors.length; i++) {\n    cy.wrap(colors[i]).should('be.visible');\n  }\n});",
              "err": {},
              "uuid": "b769f819-c64a-491a-a4fb-dc2ad2274c01",
              "parentUUID": "f1e47211-80d3-4099-8e3f-5778c3897239",
              "isHook": false,
              "skipped": false
            },
            {
              "title": "Verifica se a cor de fundo de cada elemento da paleta é a cor que o elemento representa. **A única cor não permitida na paleta é a cor branca.**",
              "fullTitle": "2 - Adicione à página uma paleta de quatro cores distintas. Verifica se a cor de fundo de cada elemento da paleta é a cor que o elemento representa. **A única cor não permitida na paleta é a cor branca.**",
              "timedOut": null,
              "duration": 67,
              "state": "passed",
              "speed": "medium",
              "pass": true,
              "fail": false,
              "pending": false,
              "context": null,
              "code": "cy.get('.color').each(function (color) {\n  cy.wrap(color).should('have.class', 'color').and('not.have.css', 'background-color', WHITE);\n  cy.wrap(color).should('have.css', 'background-color');\n});",
              "err": {},
              "uuid": "f8aee8dd-21c4-460a-bf8b-efdec171befa",
              "parentUUID": "f1e47211-80d3-4099-8e3f-5778c3897239",
              "isHook": false,
              "skipped": false
            },
            {
              "title": "Verifica se cada elemento da paleta de cores tem uma borda preta, sólida e com 1 pixel de largura;",
              "fullTitle": "2 - Adicione à página uma paleta de quatro cores distintas. Verifica se cada elemento da paleta de cores tem uma borda preta, sólida e com 1 pixel de largura;",
              "timedOut": null,
              "duration": 63,
              "state": "passed",
              "speed": "medium",
              "pass": true,
              "fail": false,
              "pending": false,
              "context": null,
              "code": "cy.get('.color').each(function (color) {\n  cy.wrap(color).and('have.css', 'border', \"1px solid \".concat(BLACK)).and('have.class', 'color');\n});",
              "err": {},
              "uuid": "cf75ed0f-ebc9-4ce3-8944-f6dbab4a171f",
              "parentUUID": "f1e47211-80d3-4099-8e3f-5778c3897239",
              "isHook": false,
              "skipped": false
            },
            {
              "title": "Verifica se a paleta lista todas as cores disponíveis para utilização, lado a lado.",
              "fullTitle": "2 - Adicione à página uma paleta de quatro cores distintas. Verifica se a paleta lista todas as cores disponíveis para utilização, lado a lado.",
              "timedOut": null,
              "duration": 70,
              "state": "passed",
              "speed": "medium",
              "pass": true,
              "fail": false,
              "pending": false,
              "context": null,
              "code": "cy.get('.color').then(function (colors) {\n  for (var index = 1; index < colors.length; index += 1) {\n    var currentColor = colors[index];\n    var previousColor = colors[index - 1];\n    cy.wrap(currentColor).should('be.onTheRightOf', previousColor).and('be.horizontallyAlignedWith', previousColor);\n  }\n});",
              "err": {},
              "uuid": "bff1b78e-64f2-4347-aab1-5c1b4e481bce",
              "parentUUID": "f1e47211-80d3-4099-8e3f-5778c3897239",
              "isHook": false,
              "skipped": false
            },
            {
              "title": "Verifica se a paleta de cores está posicionada abaixo do título 'Paleta de Cores'",
              "fullTitle": "2 - Adicione à página uma paleta de quatro cores distintas. Verifica se a paleta de cores está posicionada abaixo do título 'Paleta de Cores'",
              "timedOut": null,
              "duration": 79,
              "state": "passed",
              "speed": "slow",
              "pass": true,
              "fail": false,
              "pending": false,
              "context": null,
              "code": "cy.get('h1#title').then(function (title) {\n  cy.get('#color-palette').should('be.belowOf', title);\n});",
              "err": {},
              "uuid": "6abe520f-b39f-4700-9ea7-175860e0bd3b",
              "parentUUID": "f1e47211-80d3-4099-8e3f-5778c3897239",
              "isHook": false,
              "skipped": false
            },
            {
              "title": "Verifica se a paleta de cores não contém cores repetidas.",
              "fullTitle": "2 - Adicione à página uma paleta de quatro cores distintas. Verifica se a paleta de cores não contém cores repetidas.",
              "timedOut": null,
              "duration": 70,
              "state": "passed",
              "speed": "medium",
              "pass": true,
              "fail": false,
              "pending": false,
              "context": null,
              "code": "cy.get('.color').then(function (colors) {\n  var allColors = Array.from(colors).map(function (color) {\n    return Cypress.$(color).css('background-color');\n  });\n  cy.log(allColors);\n  var uniqColors = (0, _toConsumableArray2[\"default\"])(new Set(allColors));\n  cy.log(uniqColors);\n  expect(allColors.length).to.eq(uniqColors.length);\n});",
              "err": {},
              "uuid": "b43c6125-3a0f-4ccb-b520-bfb7e59a13ac",
              "parentUUID": "f1e47211-80d3-4099-8e3f-5778c3897239",
              "isHook": false,
              "skipped": false
            }
          ],
          "suites": [],
          "passes": [
            "22570d80-225a-4136-8b0c-ef810ec3f018",
            "b769f819-c64a-491a-a4fb-dc2ad2274c01",
            "f8aee8dd-21c4-460a-bf8b-efdec171befa",
            "cf75ed0f-ebc9-4ce3-8944-f6dbab4a171f",
            "bff1b78e-64f2-4347-aab1-5c1b4e481bce",
            "6abe520f-b39f-4700-9ea7-175860e0bd3b",
            "b43c6125-3a0f-4ccb-b520-bfb7e59a13ac"
          ],
          "failures": [],
          "pending": [],
          "skipped": [],
          "duration": 466,
          "root": false,
          "rootEmpty": false,
          "_timeout": 2000
        },
        {
          "uuid": "1d98a7cd-68ce-4444-b508-979e5ed5f367",
          "title": "3 - Adicione a cor **preta** como a primeira cor da paleta de cores.",
          "fullFile": "",
          "file": "",
          "beforeHooks": [],
          "afterHooks": [],
          "tests": [
            {
              "title": "Verifica se a primeira cor da paleta é preta",
              "fullTitle": "3 - Adicione a cor **preta** como a primeira cor da paleta de cores. Verifica se a primeira cor da paleta é preta",
              "timedOut": null,
              "duration": 88,
              "state": "passed",
              "speed": "slow",
              "pass": true,
              "fail": false,
              "pending": false,
              "context": null,
              "code": "cy.get('.color').first().should('have.css', 'background-color', BLACK);",
              "err": {},
              "uuid": "00427487-cb0a-4046-b7a6-f9b798a84f85",
              "parentUUID": "1d98a7cd-68ce-4444-b508-979e5ed5f367",
              "isHook": false,
              "skipped": false
            },
            {
              "title": "Verifica se as demais cores podem ser escolhidas livremente.",
              "fullTitle": "3 - Adicione a cor **preta** como a primeira cor da paleta de cores. Verifica se as demais cores podem ser escolhidas livremente.",
              "timedOut": null,
              "duration": 134,
              "state": "passed",
              "speed": "slow",
              "pass": true,
              "fail": false,
              "pending": false,
              "context": null,
              "code": "cy.get('.color').eq(1).should('not.have.css', 'background-color', BLACK);\ncy.get('.color').eq(1).should('not.have.css', 'background-color', WHITE);\ncy.get('.color').eq(1).should('not.have.css', 'background-color', 'rgba(0, 0, 0, 0)');\ncy.get('.color').eq(1).should('have.css', 'background-color');\ncy.get('.color').eq(2).should('not.have.css', 'background-color', BLACK);\ncy.get('.color').eq(2).should('not.have.css', 'background-color', WHITE);\ncy.get('.color').eq(2).should('not.have.css', 'background-color', 'rgba(0, 0, 0, 0)');\ncy.get('.color').eq(2).should('have.css', 'background-color');\ncy.get('.color').eq(3).should('not.have.css', 'background-color', BLACK);\ncy.get('.color').eq(3).should('not.have.css', 'background-color', WHITE);\ncy.get('.color').eq(3).should('not.have.css', 'background-color', 'rgba(0, 0, 0, 0)');\ncy.get('.color').eq(3).should('have.css', 'background-color');",
              "err": {},
              "uuid": "91d6c12f-7d96-4d49-9a5e-74c6b370d3e3",
              "parentUUID": "1d98a7cd-68ce-4444-b508-979e5ed5f367",
              "isHook": false,
              "skipped": false
            }
          ],
          "suites": [],
          "passes": [
            "00427487-cb0a-4046-b7a6-f9b798a84f85",
            "91d6c12f-7d96-4d49-9a5e-74c6b370d3e3"
          ],
          "failures": [],
          "pending": [],
          "skipped": [],
          "duration": 222,
          "root": false,
          "rootEmpty": false,
          "_timeout": 2000
        },
        {
          "uuid": "a49d6fea-30fa-4eba-87a2-90d5f06be1a1",
          "title": "4 - Adicione à página um quadro de pixels, com 25 pixels.",
          "fullFile": "",
          "file": "",
          "beforeHooks": [],
          "afterHooks": [],
          "tests": [
            {
              "title": "Verifica se o quadro de pixels possui o `id` denominado `pixel-board`",
              "fullTitle": "4 - Adicione à página um quadro de pixels, com 25 pixels. Verifica se o quadro de pixels possui o `id` denominado `pixel-board`",
              "timedOut": null,
              "duration": 69,
              "state": "passed",
              "speed": "medium",
              "pass": true,
              "fail": false,
              "pending": false,
              "context": null,
              "code": "cy.get('#pixel-board').should('be.visible');",
              "err": {},
              "uuid": "405f0a85-68ff-4d61-8240-123f68a96dae",
              "parentUUID": "a49d6fea-30fa-4eba-87a2-90d5f06be1a1",
              "isHook": false,
              "skipped": false
            },
            {
              "title": "Verifica se cada pixel individual dentro do quadro possui a `classe` denominada `pixel`.",
              "fullTitle": "4 - Adicione à página um quadro de pixels, com 25 pixels. Verifica se cada pixel individual dentro do quadro possui a `classe` denominada `pixel`.",
              "timedOut": null,
              "duration": 72,
              "state": "passed",
              "speed": "medium",
              "pass": true,
              "fail": false,
              "pending": false,
              "context": null,
              "code": "cy.get('.pixel').should('have.length', 25);",
              "err": {},
              "uuid": "c760169b-ab7c-4403-a3b6-acb2f29a66b8",
              "parentUUID": "a49d6fea-30fa-4eba-87a2-90d5f06be1a1",
              "isHook": false,
              "skipped": false
            },
            {
              "title": "Verifica se a cor inicial dos pixels dentro do quadro, ao abrir a página, é branca.",
              "fullTitle": "4 - Adicione à página um quadro de pixels, com 25 pixels. Verifica se a cor inicial dos pixels dentro do quadro, ao abrir a página, é branca.",
              "timedOut": null,
              "duration": 95,
              "state": "passed",
              "speed": "slow",
              "pass": true,
              "fail": false,
              "pending": false,
              "context": null,
              "code": "cy.get('.pixel').should('have.length', 25).each(function (pixel) {\n  expect(pixel).to.have.css('background-color', WHITE);\n});",
              "err": {},
              "uuid": "6d0f7968-0d26-4de1-a7f7-eceb5342d719",
              "parentUUID": "a49d6fea-30fa-4eba-87a2-90d5f06be1a1",
              "isHook": false,
              "skipped": false
            },
            {
              "title": "Verifica se o quadro de pixels aparece abaixo da paleta de cores",
              "fullTitle": "4 - Adicione à página um quadro de pixels, com 25 pixels. Verifica se o quadro de pixels aparece abaixo da paleta de cores",
              "timedOut": null,
              "duration": 50,
              "state": "passed",
              "speed": "medium",
              "pass": true,
              "fail": false,
              "pending": false,
              "context": null,
              "code": "cy.get('#color-palette').then(function (palette) {\n  cy.get('#pixel-board').should('be.belowOf', palette);\n});",
              "err": {},
              "uuid": "cc761fe1-42b0-4efe-a8d1-8d682f3781ed",
              "parentUUID": "a49d6fea-30fa-4eba-87a2-90d5f06be1a1",
              "isHook": false,
              "skipped": false
            }
          ],
          "suites": [],
          "passes": [
            "405f0a85-68ff-4d61-8240-123f68a96dae",
            "c760169b-ab7c-4403-a3b6-acb2f29a66b8",
            "6d0f7968-0d26-4de1-a7f7-eceb5342d719",
            "cc761fe1-42b0-4efe-a8d1-8d682f3781ed"
          ],
          "failures": [],
          "pending": [],
          "skipped": [],
          "duration": 286,
          "root": false,
          "rootEmpty": false,
          "_timeout": 2000
        },
        {
          "uuid": "f50895b5-5599-443d-9daa-c31b9a86c3e5",
          "title": "5 - Faça com que cada elemento do quadro de pixels possua 40 pixels de largura, 40 pixels de altura e seja delimitado por uma borda preta de 1 pixel.",
          "fullFile": "",
          "file": "",
          "beforeHooks": [],
          "afterHooks": [],
          "tests": [
            {
              "title": "Verifica se o quadro de pixels tem altura e comprimento de 5 elementos",
              "fullTitle": "5 - Faça com que cada elemento do quadro de pixels possua 40 pixels de largura, 40 pixels de altura e seja delimitado por uma borda preta de 1 pixel. Verifica se o quadro de pixels tem altura e comprimento de 5 elementos",
              "timedOut": null,
              "duration": 169,
              "state": "passed",
              "speed": "slow",
              "pass": true,
              "fail": false,
              "pending": false,
              "context": null,
              "code": "cy.get('.pixel').should('have.length', 25).each(function (pixel) {\n  expect(pixel).to.have.css('background-color', WHITE);\n}).and(function (pixels) {\n  var rows = chunk(pixels, 5);\n  rows.forEach(function (row) {\n    for (var index = 1; index < row.length; index += 1) {\n      var current = pixels[index];\n      var previous = pixels[index - 1];\n      cy.wrap(current).should('be.onTheRightOf', previous).and('be.horizontallyAlignedWith', previous);\n    }\n  });\n  for (var index = 1; index < 5; index += 1) {\n    expect(pixels[index * 5]).to.be.belowOf(pixels[(index - 1) * 5]);\n  }\n});",
              "err": {},
              "uuid": "4bd1a7f3-63c8-4954-92cd-43f6548f6e8a",
              "parentUUID": "f50895b5-5599-443d-9daa-c31b9a86c3e5",
              "isHook": false,
              "skipped": false
            },
            {
              "title": "Verifica se 40 pixels é o tamanho total do elemento, incluindo seu conteúdo e excluindo a borda preta, que deve ser criada à parte.",
              "fullTitle": "5 - Faça com que cada elemento do quadro de pixels possua 40 pixels de largura, 40 pixels de altura e seja delimitado por uma borda preta de 1 pixel. Verifica se 40 pixels é o tamanho total do elemento, incluindo seu conteúdo e excluindo a borda preta, que deve ser criada à parte.",
              "timedOut": null,
              "duration": 149,
              "state": "passed",
              "speed": "slow",
              "pass": true,
              "fail": false,
              "pending": false,
              "context": null,
              "code": "cy.get('.pixel').each(function (pixel) {\n  cy.wrap(pixel).should('have.css', 'height', '40px').and('have.css', 'width', '40px').and('have.css', 'border', \"1px solid \".concat(BLACK));\n});",
              "err": {},
              "uuid": "c31c8da5-05e6-4e2a-b75a-9bc6c724bb68",
              "parentUUID": "f50895b5-5599-443d-9daa-c31b9a86c3e5",
              "isHook": false,
              "skipped": false
            }
          ],
          "suites": [],
          "passes": [
            "4bd1a7f3-63c8-4954-92cd-43f6548f6e8a",
            "c31c8da5-05e6-4e2a-b75a-9bc6c724bb68"
          ],
          "failures": [],
          "pending": [],
          "skipped": [],
          "duration": 318,
          "root": false,
          "rootEmpty": false,
          "_timeout": 2000
        },
        {
          "uuid": "9396c2ad-4948-4ac6-ba15-7d0dd0e9bf93",
          "title": "6 - Defina a cor preta como cor inicial. Ao carregar a página a cor preta já deve estar selecionada para pintar os pixels",
          "fullFile": "",
          "file": "",
          "beforeHooks": [],
          "afterHooks": [],
          "tests": [
            {
              "title": "Verifica se o elemento da cor preta possui, inicialmente, a `classe` `selected`",
              "fullTitle": "6 - Defina a cor preta como cor inicial. Ao carregar a página a cor preta já deve estar selecionada para pintar os pixels Verifica se o elemento da cor preta possui, inicialmente, a `classe` `selected`",
              "timedOut": null,
              "duration": 4185,
              "state": "failed",
              "speed": null,
              "pass": false,
              "fail": true,
              "pending": false,
              "context": null,
              "code": "cy.get('.selected').first().should('have.css', 'background-color', BLACK);",
              "err": {
                "message": "CypressError: Timed out retrying: Expected to find element: '.selected', but never found it.",
                "estack": "CypressError: Timed out retrying: Expected to find element: '.selected', but never found it.\n    at cypressErr (http://localhost:34431/__cypress/runner/cypress_runner.js:149934:9)\n    at throwErr (http://localhost:34431/__cypress/runner/cypress_runner.js:149867:11)\n    at Object.throwErrByPath (http://localhost:34431/__cypress/runner/cypress_runner.js:149915:3)\n    at retry (http://localhost:34431/__cypress/runner/cypress_runner.js:144197:19)\n    at onFailFn (http://localhost:34431/__cypress/runner/cypress_runner.js:132448:16)\n    at tryCatcher (http://localhost:34431/__cypress/runner/cypress_runner.js:167415:23)\n    at Promise._settlePromiseFromHandler (http://localhost:34431/__cypress/runner/cypress_runner.js:165351:31)\n    at Promise._settlePromise (http://localhost:34431/__cypress/runner/cypress_runner.js:165408:18)\n    at Promise._settlePromise0 (http://localhost:34431/__cypress/runner/cypress_runner.js:165453:10)\n    at Promise._settlePromises (http://localhost:34431/__cypress/runner/cypress_runner.js:165528:18)\n    at Async../node_modules/bluebird/js/release/async.js.Async._drainQueue (http://localhost:34431/__cypress/runner/cypress_runner.js:162140:16)\n    at Async../node_modules/bluebird/js/release/async.js.Async._drainQueues (http://localhost:34431/__cypress/runner/cypress_runner.js:162150:10)\n    at Async.drainQueues (http://localhost:34431/__cypress/runner/cypress_runner.js:162024:14)",
                "diff": null
              },
              "uuid": "3e978e68-9e79-4a72-ae94-86d098b9443f",
              "parentUUID": "9396c2ad-4948-4ac6-ba15-7d0dd0e9bf93",
              "isHook": false,
              "skipped": false
            },
            {
              "title": "Verifica se nenhuma outra cor da paleta tem a `classe` `selected`",
              "fullTitle": "6 - Defina a cor preta como cor inicial. Ao carregar a página a cor preta já deve estar selecionada para pintar os pixels Verifica se nenhuma outra cor da paleta tem a `classe` `selected`",
              "timedOut": null,
              "duration": 96,
              "state": "passed",
              "speed": "slow",
              "pass": true,
              "fail": false,
              "pending": false,
              "context": null,
              "code": "cy.get('.color:not(:first-child)').each(function (color) {\n  cy.wrap(color).should('not.have.class', 'selected');\n});",
              "err": {},
              "uuid": "de26c1d4-ca99-453e-82c7-b1b7afefa9bf",
              "parentUUID": "9396c2ad-4948-4ac6-ba15-7d0dd0e9bf93",
              "isHook": false,
              "skipped": false
            }
          ],
          "suites": [],
          "passes": [
            "de26c1d4-ca99-453e-82c7-b1b7afefa9bf"
          ],
          "failures": [
            "3e978e68-9e79-4a72-ae94-86d098b9443f"
          ],
          "pending": [],
          "skipped": [],
          "duration": 4281,
          "root": false,
          "rootEmpty": false,
          "_timeout": 2000
        },
        {
          "uuid": "0a66a647-1725-4507-bf98-f773e8ee4dbf",
          "title": "7 - Clicar em uma das cores da paleta, faz com que ela seja selecionada e utilizada para preencher os pixels no quadro.",
          "fullFile": "",
          "file": "",
          "beforeHooks": [],
          "afterHooks": [],
          "tests": [
            {
              "title": "Verifica se somente uma cor da paleta de cores tem a classe `selected` de cada vez",
              "fullTitle": "7 - Clicar em uma das cores da paleta, faz com que ela seja selecionada e utilizada para preencher os pixels no quadro. Verifica se somente uma cor da paleta de cores tem a classe `selected` de cada vez",
              "timedOut": null,
              "duration": 306,
              "state": "failed",
              "speed": null,
              "pass": false,
              "fail": true,
              "pending": false,
              "context": null,
              "code": "cy.get('.color').each(function (selectedColor, selectedColorIndex) {\n  cy.wrap(selectedColor).click();\n  cy.get('.color').each(function (color, colorIndex) {\n    if (colorIndex === selectedColorIndex) {\n      expect(color).to.have[\"class\"]('selected');\n    } else {\n      expect(color).not.to.have[\"class\"]('selected');\n    }\n  });\n});",
              "err": {
                "message": "AssertionError: expected '<div.color>' to have class 'selected'",
                "estack": "AssertionError: expected '<div.color>' to have class 'selected'\n    at callback (http://localhost:34431/__cypress/runner/cypress_runner.js:136947:20)\n    at getRet (http://localhost:34431/__cypress/runner/cypress_runner.js:136585:16)\n    at tryCatcher (http://localhost:34431/__cypress/runner/cypress_runner.js:167415:23)\n    at Function.Promise.attempt.Promise.try (http://localhost:34431/__cypress/runner/cypress_runner.js:164690:29)\n    at thenFn (http://localhost:34431/__cypress/runner/cypress_runner.js:136599:23)\n    at yieldItem (http://localhost:34431/__cypress/runner/cypress_runner.js:136954:16)\n    at tryCatcher (http://localhost:34431/__cypress/runner/cypress_runner.js:167415:23)\n    at Object.gotValue (http://localhost:34431/__cypress/runner/cypress_runner.js:166557:18)\n    at Object.gotAccum (http://localhost:34431/__cypress/runner/cypress_runner.js:166546:25)\n    at Object.tryCatcher (http://localhost:34431/__cypress/runner/cypress_runner.js:167415:23)\n    at Promise._settlePromiseFromHandler (http://localhost:34431/__cypress/runner/cypress_runner.js:165351:31)\n    at Promise._settlePromise (http://localhost:34431/__cypress/runner/cypress_runner.js:165408:18)\n    at Promise._settlePromiseCtx (http://localhost:34431/__cypress/runner/cypress_runner.js:165445:10)\n    at Async../node_modules/bluebird/js/release/async.js.Async._drainQueue (http://localhost:34431/__cypress/runner/cypress_runner.js:162145:12)\n    at Async../node_modules/bluebird/js/release/async.js.Async._drainQueues (http://localhost:34431/__cypress/runner/cypress_runner.js:162150:10)\n    at Async.drainQueues (http://localhost:34431/__cypress/runner/cypress_runner.js:162024:14)",
                "diff": "- { '0': <div class=\"color\"></div>,\n-   length: 1,\n-   jquery: '3.1.1',\n-   constructor: \n-    { [Function: jQuery]\n-      fn: \n-       { jquery: '3.1.1',\n-         constructor: [Circular],\n-         length: 0,\n-         toArray: [Function: toArray],\n-         get: [Function: get],\n-         pushStack: [Function: pushStack],\n-         each: [Function: each],\n-         map: [Function: map],\n-         slice: [Function: slice],\n-         first: [Function: first],\n-         last: [Function: last],\n-         eq: [Function: eq],\n-         end: [Function: end],\n-         push: [Function: push],\n-         sort: [Function: sort],\n-         splice: [Function: splice],\n-         extend: [Function],\n-         find: [Function: find],\n-         filter: [Function: filter],\n-         not: [Function: not],\n-         is: [Function: is],\n-         init: [Function],\n-         has: [Function: has],\n-         closest: [Function: closest],\n-         index: [Function: index],\n-         add: [Function: add],\n-         addBack: [Function: addBack],\n-         parent: [Function],\n-         parents: [Function],\n-         parentsUntil: [Function],\n-         next: [Function],\n-         prev: [Function],\n-         nextAll: [Function],\n-         prevAll: [Function],\n-         nextUntil: [Function],\n-         prevUntil: [Function],\n-         siblings: [Function],\n-         children: [Function],\n-         contents: [Function],\n-         ready: [Function],\n-         data: [Function: data],\n-         removeData: [Function: removeData],\n-         queue: [Function: queue],\n-         dequeue: [Function: dequeue],\n-         clearQueue: [Function: clearQueue],\n-         promise: [Function: promise],\n-         show: [Function],\n-         hide: [Function],\n-         toggle: [Function],\n-         on: [Function: on],\n-         one: [Function: one],\n-         off: [Function: off],\n-         detach: [Function: detach],\n-         remove: [Function: remove],\n-         text: [Function: text],\n-         append: [Function: append],\n-         prepend: [Function: prepend],\n-         before: [Function: before],\n-         after: [Function: after],\n-         empty: [Function: empty],\n-         clone: [Function: clone],\n-         html: [Function: html],\n-         replaceWith: [Function: replaceWith],\n-         appendTo: [Function],\n-         prependTo: [Function],\n-         insertBefore: [Function],\n-         insertAfter: [Function],\n-         replaceAll: [Function],\n-         css: [Function: css],\n-         fadeTo: [Function: fadeTo],\n-         animate: [Function: animate],\n-         stop: [Function: stop],\n-         finish: [Function: finish],\n-         slideDown: [Function],\n-         slideUp: [Function],\n-         slideToggle: [Function],\n-         fadeIn: [Function],\n-         fadeOut: [Function],\n-         fadeToggle: [Function],\n-         delay: [Function],\n-         attr: [Function: attr],\n-         removeAttr: [Function: removeAttr],\n-         prop: [Function: prop],\n-         removeProp: [Function: removeProp],\n-         addClass: [Function: addClass],\n-         removeClass: [Function: removeClass],\n-         toggleClass: [Function: toggleClass],\n-         hasClass: [Function: hasClass],\n-         val: [Function: val],\n-         trigger: [Function: trigger],\n-         triggerHandler: [Function: triggerHandler],\n-         blur: [Function],\n-         focus: [Function],\n-         focusin: [Function],\n-         focusout: [Function],\n-         resize: [Function],\n-         scroll: [Function],\n-         click: [Function],\n-         dblclick: [Function],\n-         mousedown: [Function],\n-         mouseup: [Function],\n-         mousemove: [Function],\n-         mouseover: [Function],\n-         mouseout: [Function],\n-         mouseenter: [Function],\n-         mouseleave: [Function],\n-         change: [Function],\n-         select: [Function],\n-         submit: [Function],\n-         keydown: [Function],\n-         keypress: [Function],\n-         keyup: [Function],\n-         contextmenu: [Function],\n-         hover: [Function: hover],\n-         serialize: [Function: serialize],\n-         serializeArray: [Function: serializeArray],\n-         wrapAll: [Function: wrapAll],\n-         wrapInner: [Function: wrapInner],\n-         wrap: [Function: wrap],\n-         unwrap: [Function: unwrap],\n-         load: [Function],\n-         ajaxStart: [Function],\n-         ajaxStop: [Function],\n-         ajaxComplete: [Function],\n-         ajaxError: [Function],\n-         ajaxSuccess: [Function],\n-         ajaxSend: [Function],\n-         offset: [Function: offset],\n-         position: [Function: position],\n-         offsetParent: [Function: offsetParent],\n-         scrollLeft: [Function],\n-         scrollTop: [Function],\n-         innerHeight: [Function],\n-         height: [Function],\n-         outerHeight: [Function],\n-         innerWidth: [Function],\n-         width: [Function],\n-         outerWidth: [Function],\n-         bind: [Function: bind],\n-         unbind: [Function: unbind],\n-         delegate: [Function: delegate],\n-         undelegate: [Function: undelegate],\n-         scrollTo: [Function] },\n-      extend: [Function],\n-      expando: 'jQuery31109486047735773506',\n-      isReady: true,\n-      error: [Function: error],\n-      noop: [Function: noop],\n-      isFunction: [Function: isFunction],\n-      isArray: [Function: isArray],\n-      isWindow: [Function: isWindow],\n-      isNumeric: [Function: isNumeric],\n-      isPlainObject: [Function: isPlainObject],\n-      isEmptyObject: [Function: isEmptyObject],\n-      type: [Function: type],\n-      globalEval: [Function: globalEval],\n-      camelCase: [Function: camelCase],\n-      nodeName: [Function: nodeName],\n-      each: [Function: each],\n-      trim: [Function: trim],\n-      makeArray: [Function: makeArray],\n-      inArray: [Function: inArray],\n-      merge: [Function: merge],\n-      grep: [Function: grep],\n-      map: [Function: map],\n-      guid: 7,\n-      proxy: [Function: proxy],\n-      now: [Function: now],\n-      support: \n-       { checkClone: true,\n-         noCloneChecked: true,\n-         clearCloneStyle: true,\n-         pixelPosition: [Function: pixelPosition],\n-         boxSizingReliable: [Function: boxSizingReliable],\n-         pixelMarginRight: [Function: pixelMarginRight],\n-         reliableMarginLeft: [Function: reliableMarginLeft],\n-         checkOn: true,\n-         optSelected: true,\n-         radioValue: true,\n-         focusin: false,\n-         cors: true,\n-         ajax: true,\n-         createHTMLDocument: true },\n-      find: \n-       { [Function: Sizzle]\n-         support: [Object],\n-         isXML: [Function],\n-         setDocument: [Function],\n-         matches: [Function],\n-         matchesSelector: [Function],\n-         contains: [Function],\n-         attr: [Function],\n-         escape: [Function],\n-         error: [Function],\n-         uniqueSort: [Function],\n-         getText: [Function],\n-         selectors: [Object],\n-         tokenize: [Function],\n-         compile: [Function],\n-         select: [Function] },\n-      expr: \n-       { cacheLength: 1,\n-         createPseudo: [Function: markFunction],\n-         match: [Object],\n-         attrHandle: [Object],\n-         find: [Object],\n-         relative: [Object],\n-         preFilter: [Object],\n-         filter: [Object],\n-         pseudos: [Object],\n-         filters: [Object],\n-         setFilters: [Object],\n-         ':': [Object] },\n-      unique: [Function],\n-      uniqueSort: [Function],\n-      text: [Function],\n-      isXMLDoc: [Function],\n-      contains: [Function],\n-      escapeSelector: [Function],\n-      filter: [Function],\n-      Callbacks: [Function],\n-      Deferred: { [Function: Deferred] exceptionHook: [Function] },\n-      when: [Function: when],\n-      readyException: [Function],\n-      readyWait: 0,\n-      holdReady: [Function: holdReady],\n-      ready: { [Function: ready] then: [Function: then] },\n-      hasData: [Function: hasData],\n-      data: [Function: data],\n-      removeData: [Function: removeData],\n-      _data: [Function: _data],\n-      _removeData: [Function: _removeData],\n-      queue: [Function: queue],\n-      dequeue: [Function: dequeue],\n-      _queueHooks: [Function: _queueHooks],\n-      event: \n-       { global: [Object],\n-         add: [Function: add],\n-         remove: [Function: remove],\n-         dispatch: [Function: dispatch],\n-         handlers: [Function: handlers],\n-         addProp: [Function: addProp],\n-         fix: [Function: fix],\n-         special: [Object],\n-         trigger: [Function: trigger],\n-         simulate: [Function: simulate] },\n-      removeEvent: [Function],\n-      Event: [Function],\n-      htmlPrefilter: [Function: htmlPrefilter],\n-      clone: [Function: clone],\n-      cleanData: [Function: cleanData],\n-      cssHooks: \n-       { opacity: [Object],\n-         height: [Object],\n-         width: [Object],\n-         marginLeft: [Object],\n-         margin: [Object],\n-         padding: [Object],\n-         borderWidth: [Object],\n-         top: [Object],\n-         left: [Object] },\n-      cssNumber: \n-       { animationIterationCount: true,\n-         columnCount: true,\n-         fillOpacity: true,\n-         flexGrow: true,\n-         flexShrink: true,\n-         fontWeight: true,\n-         lineHeight: true,\n-         opacity: true,\n-         order: true,\n-         orphans: true,\n-         widows: true,\n-         zIndex: true,\n-         zoom: true },\n-      cssProps: \n-       { float: 'cssFloat',\n-         width: 'width',\n-         display: 'display',\n-         boxSizing: 'boxSizing',\n-         height: 'height',\n-         overflow: 'overflow',\n-         overflowY: 'overflowY',\n-         overflowX: 'overflowX',\n-         visibility: 'visibility',\n-         position: 'position',\n-         backgroundColor: 'backgroundColor',\n-         border: 'border',\n-         paddingRight: 'paddingRight',\n-         borderRightWidth: 'borderRightWidth',\n-         paddingLeft: 'paddingLeft',\n-         borderLeftWidth: 'borderLeftWidth',\n-         paddingTop: 'paddingTop',\n-         borderTopWidth: 'borderTopWidth',\n-         paddingBottom: 'paddingBottom',\n-         borderBottomWidth: 'borderBottomWidth' },\n-      style: [Function: style],\n-      css: [Function: css],\n-      Tween: { [Function: Tween] propHooks: [Object] },\n-      easing: \n-       { linear: [Function: linear],\n-         swing: [Function: swing],\n-         _default: 'swing' },\n-      fx: \n-       { [Function: init]\n-         step: {},\n-         tick: [Function],\n-         timer: [Function],\n-         interval: 13,\n-         start: [Function],\n-         stop: [Function],\n-         speeds: [Object] },\n-      Animation: \n-       { [Function: Animation]\n-         tweeners: [Object],\n-         tweener: [Function: tweener],\n-         prefilters: [Object],\n-         prefilter: [Function: prefilter] },\n-      speed: [Function],\n-      timers: [],\n-      attr: [Function: attr],\n-      attrHooks: { type: [Object] },\n-      removeAttr: [Function: removeAttr],\n-      prop: [Function: prop],\n-      propHooks: { tabIndex: [Object] },\n-      propFix: \n-       { for: 'htmlFor',\n-         class: 'className',\n-         tabindex: 'tabIndex',\n-         readonly: 'readOnly',\n-         maxlength: 'maxLength',\n-         cellspacing: 'cellSpacing',\n-         cellpadding: 'cellPadding',\n-         rowspan: 'rowSpan',\n-         colspan: 'colSpan',\n-         usemap: 'useMap',\n-         frameborder: 'frameBorder',\n-         contenteditable: 'contentEditable' },\n-      valHooks: \n-       { option: [Object],\n-         select: [Object],\n-         radio: [Object],\n-         checkbox: [Object] },\n-      parseXML: [Function],\n-      param: [Function],\n-      active: 0,\n-      lastModified: {},\n-      etag: {},\n-      ajaxSettings: \n-       { url: 'http://localhost:34431/__/#/tests/integration/project.spec.js',\n-         type: 'GET',\n-         isLocal: false,\n-         global: true,\n-         processData: true,\n-         async: true,\n-         contentType: 'application/x-www-form-urlencoded; charset=UTF-8',\n-         accepts: [Object],\n-         contents: [Object],\n-         responseFields: [Object],\n-         converters: [Object],\n-         flatOptions: [Object],\n-         xhr: [Function],\n-         jsonp: 'callback',\n-         jsonpCallback: [Function: jsonpCallback],\n-         cache: false },\n-      ajaxSetup: [Function: ajaxSetup],\n-      ajaxPrefilter: [Function],\n-      ajaxTransport: [Function],\n-      ajax: [Function: ajax],\n-      getJSON: [Function: getJSON],\n-      getScript: [Function: getScript],\n-      get: [Function],\n-      post: [Function],\n-      _evalUrl: [Function],\n-      parseHTML: [Function],\n-      offset: { setOffset: [Function: setOffset] },\n-      parseJSON: [Function: parse],\n-      noConflict: [Function],\n-      scrollTo: { [Function] defaults: [Object], max: [Function] } },\n-   toArray: [Function: toArray],\n-   get: [Function: get],\n-   pushStack: [Function: pushStack],\n-   each: [Function: each],\n-   map: [Function: map],\n-   slice: [Function: slice],\n-   first: [Function: first],\n-   last: [Function: last],\n-   eq: [Function: eq],\n-   end: [Function: end],\n-   push: [Function: push],\n-   sort: [Function: sort],\n-   splice: [Function: splice],\n-   extend: [Function],\n-   find: [Function: find],\n-   filter: [Function: filter],\n-   not: [Function: not],\n-   is: [Function: is],\n-   init: [Function],\n-   has: [Function: has],\n-   closest: [Function: closest],\n-   index: [Function: index],\n-   add: [Function: add],\n-   addBack: [Function: addBack],\n-   parent: [Function],\n-   parents: [Function],\n-   parentsUntil: [Function],\n-   next: [Function],\n-   prev: [Function],\n-   nextAll: [Function],\n-   prevAll: [Function],\n-   nextUntil: [Function],\n-   prevUntil: [Function],\n-   siblings: [Function],\n-   children: [Function],\n-   contents: [Function],\n-   ready: [Function],\n-   data: [Function: data],\n-   removeData: [Function: removeData],\n-   queue: [Function: queue],\n-   dequeue: [Function: dequeue],\n-   clearQueue: [Function: clearQueue],\n-   promise: [Function: promise],\n-   show: [Function],\n-   hide: [Function],\n-   toggle: [Function],\n-   on: [Function: on],\n-   one: [Function: one],\n-   off: [Function: off],\n-   detach: [Function: detach],\n-   remove: [Function: remove],\n-   text: [Function: text],\n-   append: [Function: append],\n-   prepend: [Function: prepend],\n-   before: [Function: before],\n-   after: [Function: after],\n-   empty: [Function: empty],\n-   clone: [Function: clone],\n-   html: [Function: html],\n-   replaceWith: [Function: replaceWith],\n-   appendTo: [Function],\n-   prependTo: [Function],\n-   insertBefore: [Function],\n-   insertAfter: [Function],\n-   replaceAll: [Function],\n-   css: [Function: css],\n-   fadeTo: [Function: fadeTo],\n-   animate: [Function: animate],\n-   stop: [Function: stop],\n-   finish: [Function: finish],\n-   slideDown: [Function],\n-   slideUp: [Function],\n-   slideToggle: [Function],\n-   fadeIn: [Function],\n-   fadeOut: [Function],\n-   fadeToggle: [Function],\n-   delay: [Function],\n-   attr: [Function: attr],\n-   removeAttr: [Function: removeAttr],\n-   prop: [Function: prop],\n-   removeProp: [Function: removeProp],\n-   addClass: [Function: addClass],\n-   removeClass: [Function: removeClass],\n-   toggleClass: [Function: toggleClass],\n-   hasClass: [Function: hasClass],\n-   val: [Function: val],\n-   trigger: [Function: trigger],\n-   triggerHandler: [Function: triggerHandler],\n-   blur: [Function],\n-   focus: [Function],\n-   focusin: [Function],\n-   focusout: [Function],\n-   resize: [Function],\n-   scroll: [Function],\n-   click: [Function],\n-   dblclick: [Function],\n-   mousedown: [Function],\n-   mouseup: [Function],\n-   mousemove: [Function],\n-   mouseover: [Function],\n-   mouseout: [Function],\n-   mouseenter: [Function],\n-   mouseleave: [Function],\n-   change: [Function],\n-   select: [Function],\n-   submit: [Function],\n-   keydown: [Function],\n-   keypress: [Function],\n-   keyup: [Function],\n-   contextmenu: [Function],\n-   hover: [Function: hover],\n-   serialize: [Function: serialize],\n-   serializeArray: [Function: serializeArray],\n-   wrapAll: [Function: wrapAll],\n-   wrapInner: [Function: wrapInner],\n-   wrap: [Function: wrap],\n-   unwrap: [Function: unwrap],\n-   load: [Function],\n-   ajaxStart: [Function],\n-   ajaxStop: [Function],\n-   ajaxComplete: [Function],\n-   ajaxError: [Function],\n-   ajaxSuccess: [Function],\n-   ajaxSend: [Function],\n-   offset: [Function: offset],\n-   position: [Function: position],\n-   offsetParent: [Function: offsetParent],\n-   scrollLeft: [Function],\n-   scrollTop: [Function],\n-   innerHeight: [Function],\n-   height: [Function],\n-   outerHeight: [Function],\n-   innerWidth: [Function],\n-   width: [Function],\n-   outerWidth: [Function],\n-   bind: [Function: bind],\n-   unbind: [Function: unbind],\n-   delegate: [Function: delegate],\n-   undelegate: [Function: undelegate],\n-   scrollTo: [Function] }\n+ 'selected'\n"
              },
              "uuid": "aa9cbac7-3b9c-4fe7-9ed8-553fed684859",
              "parentUUID": "0a66a647-1725-4507-bf98-f773e8ee4dbf",
              "isHook": false,
              "skipped": false
            },
            {
              "title": "Verifica se os pixels dentro do quadro não têm a classe `selected` quando são clicados",
              "fullTitle": "7 - Clicar em uma das cores da paleta, faz com que ela seja selecionada e utilizada para preencher os pixels no quadro. Verifica se os pixels dentro do quadro não têm a classe `selected` quando são clicados",
              "timedOut": null,
              "duration": 7890,
              "state": "passed",
              "speed": "slow",
              "pass": true,
              "fail": false,
              "pending": false,
              "context": null,
              "code": "cy.get('.color').each(function (color) {\n  var backgroundColor = color.css('background-color');\n  cy.wrap(color).click();\n  cy.get('.pixel').each(function (pixel) {\n    cy.wrap(pixel).click().should('not.have.class', 'selected');\n  });\n});",
              "err": {},
              "uuid": "6b37dea3-4249-4a5c-a1bd-fbbc0a3bd2c5",
              "parentUUID": "0a66a647-1725-4507-bf98-f773e8ee4dbf",
              "isHook": false,
              "skipped": false
            }
          ],
          "suites": [],
          "passes": [
            "6b37dea3-4249-4a5c-a1bd-fbbc0a3bd2c5"
          ],
          "failures": [
            "aa9cbac7-3b9c-4fe7-9ed8-553fed684859"
          ],
          "pending": [],
          "skipped": [],
          "duration": 8196,
          "root": false,
          "rootEmpty": false,
          "_timeout": 2000
        },
        {
          "uuid": "e712d347-2686-45f9-bf74-40fb2278cf03",
          "title": "8 - Clicar em um pixel dentro do quadro após selecionar uma cor na paleta, faz com que o pixel seja preenchido com a cor selecionada.",
          "fullFile": "",
          "file": "",
          "beforeHooks": [],
          "afterHooks": [],
          "tests": [
            {
              "title": "Verifica se ao carregar a página deve ser possível pintar os pixels de preto",
              "fullTitle": "8 - Clicar em um pixel dentro do quadro após selecionar uma cor na paleta, faz com que o pixel seja preenchido com a cor selecionada. Verifica se ao carregar a página deve ser possível pintar os pixels de preto",
              "timedOut": null,
              "duration": 4274,
              "state": "failed",
              "speed": null,
              "pass": false,
              "fail": true,
              "pending": false,
              "context": null,
              "code": "cy.get('.pixel').each(function (pixel) {\n  cy.wrap(pixel).click().should('have.css', 'background-color', BLACK);\n});",
              "err": {
                "message": "CypressError: Timed out retrying: expected '<div.pixel>' to have CSS property 'background-color' with the value 'rgb(0, 0, 0)', but the value was 'rgb(255, 255, 255)'",
                "estack": "CypressError: Timed out retrying: expected '<div.pixel>' to have CSS property 'background-color' with the value 'rgb(0, 0, 0)', but the value was 'rgb(255, 255, 255)'\n    at cypressErr (http://localhost:34431/__cypress/runner/cypress_runner.js:149934:9)\n    at throwErr (http://localhost:34431/__cypress/runner/cypress_runner.js:149867:11)\n    at Object.throwErrByPath (http://localhost:34431/__cypress/runner/cypress_runner.js:149915:3)\n    at retry (http://localhost:34431/__cypress/runner/cypress_runner.js:144197:19)\n    at onFailFn (http://localhost:34431/__cypress/runner/cypress_runner.js:132448:16)\n    at tryCatcher (http://localhost:34431/__cypress/runner/cypress_runner.js:167415:23)\n    at Promise._settlePromiseFromHandler (http://localhost:34431/__cypress/runner/cypress_runner.js:165351:31)\n    at Promise._settlePromise (http://localhost:34431/__cypress/runner/cypress_runner.js:165408:18)\n    at Promise._settlePromise0 (http://localhost:34431/__cypress/runner/cypress_runner.js:165453:10)\n    at Promise._settlePromises (http://localhost:34431/__cypress/runner/cypress_runner.js:165528:18)\n    at Async../node_modules/bluebird/js/release/async.js.Async._drainQueue (http://localhost:34431/__cypress/runner/cypress_runner.js:162140:16)\n    at Async../node_modules/bluebird/js/release/async.js.Async._drainQueues (http://localhost:34431/__cypress/runner/cypress_runner.js:162150:10)\n    at Async.drainQueues (http://localhost:34431/__cypress/runner/cypress_runner.js:162024:14)",
                "diff": null
              },
              "uuid": "20a67522-ecab-4ddc-8599-e99521eb6a5b",
              "parentUUID": "e712d347-2686-45f9-bf74-40fb2278cf03",
              "isHook": false,
              "skipped": false
            },
            {
              "title": "Verifica se após selecionar uma outra cor na paleta, é possível pintar os pixels com essa cor",
              "fullTitle": "8 - Clicar em um pixel dentro do quadro após selecionar uma cor na paleta, faz com que o pixel seja preenchido com a cor selecionada. Verifica se após selecionar uma outra cor na paleta, é possível pintar os pixels com essa cor",
              "timedOut": null,
              "duration": 4333,
              "state": "failed",
              "speed": null,
              "pass": false,
              "fail": true,
              "pending": false,
              "context": null,
              "code": "cy.get('.color').each(function (color) {\n  var backgroundColor = color.css('background-color');\n  cy.wrap(color).click();\n  cy.get('.pixel').each(function (pixel) {\n    cy.wrap(pixel).click().should('have.css', 'background-color', backgroundColor);\n  });\n});",
              "err": {
                "message": "CypressError: Timed out retrying: expected '<div.pixel>' to have CSS property 'background-color' with the value 'rgb(0, 0, 0)', but the value was 'rgb(255, 255, 255)'",
                "estack": "CypressError: Timed out retrying: expected '<div.pixel>' to have CSS property 'background-color' with the value 'rgb(0, 0, 0)', but the value was 'rgb(255, 255, 255)'\n    at cypressErr (http://localhost:34431/__cypress/runner/cypress_runner.js:149934:9)\n    at throwErr (http://localhost:34431/__cypress/runner/cypress_runner.js:149867:11)\n    at Object.throwErrByPath (http://localhost:34431/__cypress/runner/cypress_runner.js:149915:3)\n    at retry (http://localhost:34431/__cypress/runner/cypress_runner.js:144197:19)\n    at onFailFn (http://localhost:34431/__cypress/runner/cypress_runner.js:132448:16)\n    at tryCatcher (http://localhost:34431/__cypress/runner/cypress_runner.js:167415:23)\n    at Promise._settlePromiseFromHandler (http://localhost:34431/__cypress/runner/cypress_runner.js:165351:31)\n    at Promise._settlePromise (http://localhost:34431/__cypress/runner/cypress_runner.js:165408:18)\n    at Promise._settlePromise0 (http://localhost:34431/__cypress/runner/cypress_runner.js:165453:10)\n    at Promise._settlePromises (http://localhost:34431/__cypress/runner/cypress_runner.js:165528:18)\n    at Async../node_modules/bluebird/js/release/async.js.Async._drainQueue (http://localhost:34431/__cypress/runner/cypress_runner.js:162140:16)\n    at Async../node_modules/bluebird/js/release/async.js.Async._drainQueues (http://localhost:34431/__cypress/runner/cypress_runner.js:162150:10)\n    at Async.drainQueues (http://localhost:34431/__cypress/runner/cypress_runner.js:162024:14)",
                "diff": null
              },
              "uuid": "7bd1930d-505b-4b03-9409-2682c34f8bb3",
              "parentUUID": "e712d347-2686-45f9-bf74-40fb2278cf03",
              "isHook": false,
              "skipped": false
            },
            {
              "title": "Verifica se somente o pixel que foi clicado foi preenchido com a cor selecionada, sem influenciar na cor dos demais pixels.",
              "fullTitle": "8 - Clicar em um pixel dentro do quadro após selecionar uma cor na paleta, faz com que o pixel seja preenchido com a cor selecionada. Verifica se somente o pixel que foi clicado foi preenchido com a cor selecionada, sem influenciar na cor dos demais pixels.",
              "timedOut": null,
              "duration": 1036,
              "state": "passed",
              "speed": "slow",
              "pass": true,
              "fail": false,
              "pending": false,
              "context": null,
              "code": "var colorToPixelIndexMap = {\n  0: 6,\n  1: 8,\n  2: 16,\n  3: 18\n};\ncy.get('.color').each(function (color, index) {\n  cy.wrap(color).click();\n  var backgroundColor = color.css('background-color');\n  var clickedPixelIndex = colorToPixelIndexMap[index];\n  cy.get('.pixel').eq(clickedPixelIndex).click();\n  cy.get('.pixel').eq(clickedPixelIndex - 1).should('not.have.css', 'background-color', backgroundColor);\n  cy.get('.pixel').eq(clickedPixelIndex + 1).should('not.have.css', 'background-color', backgroundColor);\n  cy.get('.pixel').eq(clickedPixelIndex - 5).should('not.have.css', 'background-color', backgroundColor);\n  cy.get('.pixel').eq(clickedPixelIndex + 5).should('not.have.css', 'background-color', backgroundColor);\n  cy.get('.pixel').eq(clickedPixelIndex - 6).should('not.have.css', 'background-color', backgroundColor);\n  cy.get('.pixel').eq(clickedPixelIndex - 4).should('not.have.css', 'background-color', backgroundColor);\n  cy.get('.pixel').eq(clickedPixelIndex + 4).should('not.have.css', 'background-color', backgroundColor);\n  cy.get('.pixel').eq(clickedPixelIndex + 6).should('not.have.css', 'background-color', backgroundColor);\n});",
              "err": {},
              "uuid": "5642e500-5af8-4cb3-a69f-305510e83668",
              "parentUUID": "e712d347-2686-45f9-bf74-40fb2278cf03",
              "isHook": false,
              "skipped": false
            }
          ],
          "suites": [],
          "passes": [
            "5642e500-5af8-4cb3-a69f-305510e83668"
          ],
          "failures": [
            "20a67522-ecab-4ddc-8599-e99521eb6a5b",
            "7bd1930d-505b-4b03-9409-2682c34f8bb3"
          ],
          "pending": [],
          "skipped": [],
          "duration": 9643,
          "root": false,
          "rootEmpty": false,
          "_timeout": 2000
        },
        {
          "uuid": "9d9cf99d-b2a9-48f1-bd7b-b4f4c2269659",
          "title": "9 - Crie um botão que, ao ser clicado, limpa o quadro preenchendo a cor de todos seus pixels com branco.",
          "fullFile": "",
          "file": "",
          "beforeHooks": [],
          "afterHooks": [],
          "tests": [
            {
              "title": "Verifica se o botão tem o `id` denominado `clear-board`",
              "fullTitle": "9 - Crie um botão que, ao ser clicado, limpa o quadro preenchendo a cor de todos seus pixels com branco. Verifica se o botão tem o `id` denominado `clear-board`",
              "timedOut": null,
              "duration": 4192,
              "state": "failed",
              "speed": null,
              "pass": false,
              "fail": true,
              "pending": false,
              "context": null,
              "code": "cy.get('#clear-board').should('be.visible');",
              "err": {
                "message": "CypressError: Timed out retrying: Expected to find element: '#clear-board', but never found it.",
                "estack": "CypressError: Timed out retrying: Expected to find element: '#clear-board', but never found it.\n    at cypressErr (http://localhost:34431/__cypress/runner/cypress_runner.js:149934:9)\n    at throwErr (http://localhost:34431/__cypress/runner/cypress_runner.js:149867:11)\n    at Object.throwErrByPath (http://localhost:34431/__cypress/runner/cypress_runner.js:149915:3)\n    at retry (http://localhost:34431/__cypress/runner/cypress_runner.js:144197:19)\n    at onFailFn (http://localhost:34431/__cypress/runner/cypress_runner.js:132448:16)\n    at tryCatcher (http://localhost:34431/__cypress/runner/cypress_runner.js:167415:23)\n    at Promise._settlePromiseFromHandler (http://localhost:34431/__cypress/runner/cypress_runner.js:165351:31)\n    at Promise._settlePromise (http://localhost:34431/__cypress/runner/cypress_runner.js:165408:18)\n    at Promise._settlePromise0 (http://localhost:34431/__cypress/runner/cypress_runner.js:165453:10)\n    at Promise._settlePromises (http://localhost:34431/__cypress/runner/cypress_runner.js:165528:18)\n    at Async../node_modules/bluebird/js/release/async.js.Async._drainQueue (http://localhost:34431/__cypress/runner/cypress_runner.js:162140:16)\n    at Async../node_modules/bluebird/js/release/async.js.Async._drainQueues (http://localhost:34431/__cypress/runner/cypress_runner.js:162150:10)\n    at Async.drainQueues (http://localhost:34431/__cypress/runner/cypress_runner.js:162024:14)",
                "diff": null
              },
              "uuid": "fa00fc20-5cdc-4863-a537-bf941d501cdd",
              "parentUUID": "9d9cf99d-b2a9-48f1-bd7b-b4f4c2269659",
              "isHook": false,
              "skipped": false
            },
            {
              "title": "Verifica se o botão está posicionado entre a paleta de cores e o quadro de pixels",
              "fullTitle": "9 - Crie um botão que, ao ser clicado, limpa o quadro preenchendo a cor de todos seus pixels com branco. Verifica se o botão está posicionado entre a paleta de cores e o quadro de pixels",
              "timedOut": null,
              "duration": 4201,
              "state": "failed",
              "speed": null,
              "pass": false,
              "fail": true,
              "pending": false,
              "context": null,
              "code": "cy.get('#color-palette').then(function (palette) {\n  cy.get('#clear-board').should('be.belowOf', palette);\n});\ncy.get('#clear-board').then(function (clearBtn) {\n  cy.get('#pixel-board').should('be.belowOf', clearBtn);\n});",
              "err": {
                "message": "CypressError: Timed out retrying: Expected to find element: '#clear-board', but never found it.",
                "estack": "CypressError: Timed out retrying: Expected to find element: '#clear-board', but never found it.\n    at cypressErr (http://localhost:34431/__cypress/runner/cypress_runner.js:149934:9)\n    at throwErr (http://localhost:34431/__cypress/runner/cypress_runner.js:149867:11)\n    at Object.throwErrByPath (http://localhost:34431/__cypress/runner/cypress_runner.js:149915:3)\n    at retry (http://localhost:34431/__cypress/runner/cypress_runner.js:144197:19)\n    at onFailFn (http://localhost:34431/__cypress/runner/cypress_runner.js:132448:16)\n    at tryCatcher (http://localhost:34431/__cypress/runner/cypress_runner.js:167415:23)\n    at Promise._settlePromiseFromHandler (http://localhost:34431/__cypress/runner/cypress_runner.js:165351:31)\n    at Promise._settlePromise (http://localhost:34431/__cypress/runner/cypress_runner.js:165408:18)\n    at Promise._settlePromise0 (http://localhost:34431/__cypress/runner/cypress_runner.js:165453:10)\n    at Promise._settlePromises (http://localhost:34431/__cypress/runner/cypress_runner.js:165528:18)\n    at Async../node_modules/bluebird/js/release/async.js.Async._drainQueue (http://localhost:34431/__cypress/runner/cypress_runner.js:162140:16)\n    at Async../node_modules/bluebird/js/release/async.js.Async._drainQueues (http://localhost:34431/__cypress/runner/cypress_runner.js:162150:10)\n    at Async.drainQueues (http://localhost:34431/__cypress/runner/cypress_runner.js:162024:14)",
                "diff": null
              },
              "uuid": "69208ddb-fdf5-4e6a-9b43-d83bc4f08659",
              "parentUUID": "9d9cf99d-b2a9-48f1-bd7b-b4f4c2269659",
              "isHook": false,
              "skipped": false
            },
            {
              "title": "Verifica se o texto do botão é 'Limpar'",
              "fullTitle": "9 - Crie um botão que, ao ser clicado, limpa o quadro preenchendo a cor de todos seus pixels com branco. Verifica se o texto do botão é 'Limpar'",
              "timedOut": null,
              "duration": 4199,
              "state": "failed",
              "speed": null,
              "pass": false,
              "fail": true,
              "pending": false,
              "context": null,
              "code": "cy.get('#clear-board').should('contain.text', 'Limpar');",
              "err": {
                "message": "CypressError: Timed out retrying: Expected to find element: '#clear-board', but never found it.",
                "estack": "CypressError: Timed out retrying: Expected to find element: '#clear-board', but never found it.\n    at cypressErr (http://localhost:34431/__cypress/runner/cypress_runner.js:149934:9)\n    at throwErr (http://localhost:34431/__cypress/runner/cypress_runner.js:149867:11)\n    at Object.throwErrByPath (http://localhost:34431/__cypress/runner/cypress_runner.js:149915:3)\n    at retry (http://localhost:34431/__cypress/runner/cypress_runner.js:144197:19)\n    at onFailFn (http://localhost:34431/__cypress/runner/cypress_runner.js:132448:16)\n    at tryCatcher (http://localhost:34431/__cypress/runner/cypress_runner.js:167415:23)\n    at Promise._settlePromiseFromHandler (http://localhost:34431/__cypress/runner/cypress_runner.js:165351:31)\n    at Promise._settlePromise (http://localhost:34431/__cypress/runner/cypress_runner.js:165408:18)\n    at Promise._settlePromise0 (http://localhost:34431/__cypress/runner/cypress_runner.js:165453:10)\n    at Promise._settlePromises (http://localhost:34431/__cypress/runner/cypress_runner.js:165528:18)\n    at Async../node_modules/bluebird/js/release/async.js.Async._drainQueue (http://localhost:34431/__cypress/runner/cypress_runner.js:162140:16)\n    at Async../node_modules/bluebird/js/release/async.js.Async._drainQueues (http://localhost:34431/__cypress/runner/cypress_runner.js:162150:10)\n    at Async.drainQueues (http://localhost:34431/__cypress/runner/cypress_runner.js:162024:14)",
                "diff": null
              },
              "uuid": "1db7811f-c333-42e3-8600-2df7509d6aff",
              "parentUUID": "9d9cf99d-b2a9-48f1-bd7b-b4f4c2269659",
              "isHook": false,
              "skipped": false
            },
            {
              "title": "Verifica se ao clicar no botão, o quadro de pixels é totalmente preenchido de branco",
              "fullTitle": "9 - Crie um botão que, ao ser clicado, limpa o quadro preenchendo a cor de todos seus pixels com branco. Verifica se ao clicar no botão, o quadro de pixels é totalmente preenchido de branco",
              "timedOut": null,
              "duration": 4339,
              "state": "failed",
              "speed": null,
              "pass": false,
              "fail": true,
              "pending": false,
              "context": null,
              "code": "cy.get('.color').eq(1).then(function (color) {\n  var backgroundColor = color.css('background-color');\n  cy.wrap(color).click();\n  cy.get('.pixel').each(function (pixel) {\n    cy.wrap(pixel).click().should('have.css', 'background-color', backgroundColor);\n  });\n});\ncy.get('#clear-board').click();\ncy.get('.pixel').each(function (pixel) {\n  cy.wrap(pixel).should('have.css', 'background-color', WHITE);\n});",
              "err": {
                "message": "CypressError: Timed out retrying: expected '<div.pixel>' to have CSS property 'background-color' with the value 'rgb(255, 0, 0)', but the value was 'rgb(255, 255, 255)'",
                "estack": "CypressError: Timed out retrying: expected '<div.pixel>' to have CSS property 'background-color' with the value 'rgb(255, 0, 0)', but the value was 'rgb(255, 255, 255)'\n    at cypressErr (http://localhost:34431/__cypress/runner/cypress_runner.js:149934:9)\n    at throwErr (http://localhost:34431/__cypress/runner/cypress_runner.js:149867:11)\n    at Object.throwErrByPath (http://localhost:34431/__cypress/runner/cypress_runner.js:149915:3)\n    at retry (http://localhost:34431/__cypress/runner/cypress_runner.js:144197:19)\n    at onFailFn (http://localhost:34431/__cypress/runner/cypress_runner.js:132448:16)\n    at tryCatcher (http://localhost:34431/__cypress/runner/cypress_runner.js:167415:23)\n    at Promise._settlePromiseFromHandler (http://localhost:34431/__cypress/runner/cypress_runner.js:165351:31)\n    at Promise._settlePromise (http://localhost:34431/__cypress/runner/cypress_runner.js:165408:18)\n    at Promise._settlePromise0 (http://localhost:34431/__cypress/runner/cypress_runner.js:165453:10)\n    at Promise._settlePromises (http://localhost:34431/__cypress/runner/cypress_runner.js:165528:18)\n    at Async../node_modules/bluebird/js/release/async.js.Async._drainQueue (http://localhost:34431/__cypress/runner/cypress_runner.js:162140:16)\n    at Async../node_modules/bluebird/js/release/async.js.Async._drainQueues (http://localhost:34431/__cypress/runner/cypress_runner.js:162150:10)\n    at Async.drainQueues (http://localhost:34431/__cypress/runner/cypress_runner.js:162024:14)",
                "diff": null
              },
              "uuid": "c12d8fcf-4187-4918-a1af-633e84650bab",
              "parentUUID": "9d9cf99d-b2a9-48f1-bd7b-b4f4c2269659",
              "isHook": false,
              "skipped": false
            }
          ],
          "suites": [],
          "passes": [],
          "failures": [
            "fa00fc20-5cdc-4863-a537-bf941d501cdd",
            "69208ddb-fdf5-4e6a-9b43-d83bc4f08659",
            "1db7811f-c333-42e3-8600-2df7509d6aff",
            "c12d8fcf-4187-4918-a1af-633e84650bab"
          ],
          "pending": [],
          "skipped": [],
          "duration": 16931,
          "root": false,
          "rootEmpty": false,
          "_timeout": 2000
        },
        {
          "uuid": "8d7d4ed0-38ff-4c61-a144-52aec4cf6d39",
          "title": "10 - Faça o quadro de pixels ter seu tamanho definido pelo usuário.",
          "fullFile": "",
          "file": "",
          "beforeHooks": [],
          "afterHooks": [],
          "tests": [
            {
              "title": "Verifica se existe um input com o id `board-size`",
              "fullTitle": "10 - Faça o quadro de pixels ter seu tamanho definido pelo usuário. Verifica se existe um input com o id `board-size`",
              "timedOut": null,
              "duration": 4195,
              "state": "failed",
              "speed": null,
              "pass": false,
              "fail": true,
              "pending": false,
              "context": null,
              "code": "cy.get('#board-size').should('be.visible');",
              "err": {
                "message": "CypressError: Timed out retrying: Expected to find element: '#board-size', but never found it.",
                "estack": "CypressError: Timed out retrying: Expected to find element: '#board-size', but never found it.\n    at cypressErr (http://localhost:34431/__cypress/runner/cypress_runner.js:149934:9)\n    at throwErr (http://localhost:34431/__cypress/runner/cypress_runner.js:149867:11)\n    at Object.throwErrByPath (http://localhost:34431/__cypress/runner/cypress_runner.js:149915:3)\n    at retry (http://localhost:34431/__cypress/runner/cypress_runner.js:144197:19)\n    at onFailFn (http://localhost:34431/__cypress/runner/cypress_runner.js:132448:16)\n    at tryCatcher (http://localhost:34431/__cypress/runner/cypress_runner.js:167415:23)\n    at Promise._settlePromiseFromHandler (http://localhost:34431/__cypress/runner/cypress_runner.js:165351:31)\n    at Promise._settlePromise (http://localhost:34431/__cypress/runner/cypress_runner.js:165408:18)\n    at Promise._settlePromise0 (http://localhost:34431/__cypress/runner/cypress_runner.js:165453:10)\n    at Promise._settlePromises (http://localhost:34431/__cypress/runner/cypress_runner.js:165528:18)\n    at Async../node_modules/bluebird/js/release/async.js.Async._drainQueue (http://localhost:34431/__cypress/runner/cypress_runner.js:162140:16)\n    at Async../node_modules/bluebird/js/release/async.js.Async._drainQueues (http://localhost:34431/__cypress/runner/cypress_runner.js:162150:10)\n    at Async.drainQueues (http://localhost:34431/__cypress/runner/cypress_runner.js:162024:14)",
                "diff": null
              },
              "uuid": "4f5d7d7d-01ac-4e22-9645-c26064473b8d",
              "parentUUID": "8d7d4ed0-38ff-4c61-a144-52aec4cf6d39",
              "isHook": false,
              "skipped": false
            },
            {
              "title": "Verifica se existe um botão com o id `generate-board`",
              "fullTitle": "10 - Faça o quadro de pixels ter seu tamanho definido pelo usuário. Verifica se existe um botão com o id `generate-board`",
              "timedOut": null,
              "duration": 4217,
              "state": "failed",
              "speed": null,
              "pass": false,
              "fail": true,
              "pending": false,
              "context": null,
              "code": "cy.get('#generate-board').should('be.visible');",
              "err": {
                "message": "CypressError: Timed out retrying: Expected to find element: '#generate-board', but never found it.",
                "estack": "CypressError: Timed out retrying: Expected to find element: '#generate-board', but never found it.\n    at cypressErr (http://localhost:34431/__cypress/runner/cypress_runner.js:149934:9)\n    at throwErr (http://localhost:34431/__cypress/runner/cypress_runner.js:149867:11)\n    at Object.throwErrByPath (http://localhost:34431/__cypress/runner/cypress_runner.js:149915:3)\n    at retry (http://localhost:34431/__cypress/runner/cypress_runner.js:144197:19)\n    at onFailFn (http://localhost:34431/__cypress/runner/cypress_runner.js:132448:16)\n    at tryCatcher (http://localhost:34431/__cypress/runner/cypress_runner.js:167415:23)\n    at Promise._settlePromiseFromHandler (http://localhost:34431/__cypress/runner/cypress_runner.js:165351:31)\n    at Promise._settlePromise (http://localhost:34431/__cypress/runner/cypress_runner.js:165408:18)\n    at Promise._settlePromise0 (http://localhost:34431/__cypress/runner/cypress_runner.js:165453:10)\n    at Promise._settlePromises (http://localhost:34431/__cypress/runner/cypress_runner.js:165528:18)\n    at Async../node_modules/bluebird/js/release/async.js.Async._drainQueue (http://localhost:34431/__cypress/runner/cypress_runner.js:162140:16)\n    at Async../node_modules/bluebird/js/release/async.js.Async._drainQueues (http://localhost:34431/__cypress/runner/cypress_runner.js:162150:10)\n    at Async.drainQueues (http://localhost:34431/__cypress/runner/cypress_runner.js:162024:14)",
                "diff": null
              },
              "uuid": "8165c4ad-079c-4017-9199-2d828adb6ddf",
              "parentUUID": "8d7d4ed0-38ff-4c61-a144-52aec4cf6d39",
              "isHook": false,
              "skipped": false
            },
            {
              "title": "Verifica se o input só aceita número maiores que zero. Essa restrição deve ser feita usando os atributos do elemento `input`",
              "fullTitle": "10 - Faça o quadro de pixels ter seu tamanho definido pelo usuário. Verifica se o input só aceita número maiores que zero. Essa restrição deve ser feita usando os atributos do elemento `input`",
              "timedOut": null,
              "duration": 4222,
              "state": "failed",
              "speed": null,
              "pass": false,
              "fail": true,
              "pending": false,
              "context": null,
              "code": "cy.get('#board-size[type=\\'number\\'][min=\\'1\\']');",
              "err": {
                "message": "CypressError: Timed out retrying: Expected to find element: '#board-size[type='number'][min='1']', but never found it.",
                "estack": "CypressError: Timed out retrying: Expected to find element: '#board-size[type='number'][min='1']', but never found it.\n    at cypressErr (http://localhost:34431/__cypress/runner/cypress_runner.js:149934:9)\n    at throwErr (http://localhost:34431/__cypress/runner/cypress_runner.js:149867:11)\n    at Object.throwErrByPath (http://localhost:34431/__cypress/runner/cypress_runner.js:149915:3)\n    at retry (http://localhost:34431/__cypress/runner/cypress_runner.js:144197:19)\n    at onFailFn (http://localhost:34431/__cypress/runner/cypress_runner.js:132448:16)\n    at tryCatcher (http://localhost:34431/__cypress/runner/cypress_runner.js:167415:23)\n    at Promise._settlePromiseFromHandler (http://localhost:34431/__cypress/runner/cypress_runner.js:165351:31)\n    at Promise._settlePromise (http://localhost:34431/__cypress/runner/cypress_runner.js:165408:18)\n    at Promise._settlePromise0 (http://localhost:34431/__cypress/runner/cypress_runner.js:165453:10)\n    at Promise._settlePromises (http://localhost:34431/__cypress/runner/cypress_runner.js:165528:18)\n    at Async../node_modules/bluebird/js/release/async.js.Async._drainQueue (http://localhost:34431/__cypress/runner/cypress_runner.js:162140:16)\n    at Async../node_modules/bluebird/js/release/async.js.Async._drainQueues (http://localhost:34431/__cypress/runner/cypress_runner.js:162150:10)\n    at Async.drainQueues (http://localhost:34431/__cypress/runner/cypress_runner.js:162024:14)",
                "diff": null
              },
              "uuid": "65c5e72b-362c-4179-a4ae-1af40416624e",
              "parentUUID": "8d7d4ed0-38ff-4c61-a144-52aec4cf6d39",
              "isHook": false,
              "skipped": false
            },
            {
              "title": "Verifica se o botão contém o texto 'VQV'",
              "fullTitle": "10 - Faça o quadro de pixels ter seu tamanho definido pelo usuário. Verifica se o botão contém o texto 'VQV'",
              "timedOut": null,
              "duration": 4225,
              "state": "failed",
              "speed": null,
              "pass": false,
              "fail": true,
              "pending": false,
              "context": null,
              "code": "cy.get('#generate-board').contains(/vqv/i);",
              "err": {
                "message": "CypressError: Timed out retrying: Expected to find element: '#generate-board', but never found it.",
                "estack": "CypressError: Timed out retrying: Expected to find element: '#generate-board', but never found it.\n    at cypressErr (http://localhost:34431/__cypress/runner/cypress_runner.js:149934:9)\n    at throwErr (http://localhost:34431/__cypress/runner/cypress_runner.js:149867:11)\n    at Object.throwErrByPath (http://localhost:34431/__cypress/runner/cypress_runner.js:149915:3)\n    at retry (http://localhost:34431/__cypress/runner/cypress_runner.js:144197:19)\n    at onFailFn (http://localhost:34431/__cypress/runner/cypress_runner.js:132448:16)\n    at tryCatcher (http://localhost:34431/__cypress/runner/cypress_runner.js:167415:23)\n    at Promise._settlePromiseFromHandler (http://localhost:34431/__cypress/runner/cypress_runner.js:165351:31)\n    at Promise._settlePromise (http://localhost:34431/__cypress/runner/cypress_runner.js:165408:18)\n    at Promise._settlePromise0 (http://localhost:34431/__cypress/runner/cypress_runner.js:165453:10)\n    at Promise._settlePromises (http://localhost:34431/__cypress/runner/cypress_runner.js:165528:18)\n    at Async../node_modules/bluebird/js/release/async.js.Async._drainQueue (http://localhost:34431/__cypress/runner/cypress_runner.js:162140:16)\n    at Async../node_modules/bluebird/js/release/async.js.Async._drainQueues (http://localhost:34431/__cypress/runner/cypress_runner.js:162150:10)\n    at Async.drainQueues (http://localhost:34431/__cypress/runner/cypress_runner.js:162024:14)",
                "diff": null
              },
              "uuid": "a30d112d-d325-459f-9ee5-812c7afa45da",
              "parentUUID": "8d7d4ed0-38ff-4c61-a144-52aec4cf6d39",
              "isHook": false,
              "skipped": false
            },
            {
              "title": "Verifica se o input está posicionado entre a paleta de cores e o quadro de pixels",
              "fullTitle": "10 - Faça o quadro de pixels ter seu tamanho definido pelo usuário. Verifica se o input está posicionado entre a paleta de cores e o quadro de pixels",
              "timedOut": null,
              "duration": 4215,
              "state": "failed",
              "speed": null,
              "pass": false,
              "fail": true,
              "pending": false,
              "context": null,
              "code": "cy.get('#color-palette').then(function (palette) {\n  cy.get('#board-size').should('be.belowOf', palette);\n});\ncy.get('#board-size').then(function (palette) {\n  cy.get('#pixel-board').should('be.belowOf', palette);\n});",
              "err": {
                "message": "CypressError: Timed out retrying: Expected to find element: '#board-size', but never found it.",
[...]
                "diff": null
              },
              "uuid": "46818005-19fe-4b2d-8afe-eee786c739ef",
              "parentUUID": "8d7d4ed0-38ff-4c61-a144-52aec4cf6d39",
              "isHook": false,
              "skipped": false
            },
            {
              "title": "Verifica se o novo quadro tem todos os pixels preenchidos com a cor branca",
              "fullTitle": "10 - Faça o quadro de pixels ter seu tamanho definido pelo usuário. Verifica se o novo quadro tem todos os pixels preenchidos com a cor branca",
              "timedOut": null,
              "duration": 4237,
              "state": "failed",
              "speed": null,
              "pass": false,
              "fail": true,
              "pending": false,
              "context": null,
              "code": "cy.get('#board-size').clear().type(6);\ncy.get('#generate-board').click();\ncy.get('.pixel').should('have.length', 36).each(function (pixel) {\n  expect(pixel).to.have.css('background-color', WHITE);\n});",
              "err": {
                "message": "CypressError: Timed out retrying: Expected to find element: '#board-size', but never found it.",
                "estack": "CypressError: Timed out retrying: Expected to find element: '#board-size', but never found it.\n    at cypressErr (http://localhost:34431/__cypress/runner/cypress_runner.js:149934:9)\n    at throwErr (http://localhost:34431/__cypress/runner/cypress_runner.js:149867:11)\n    at Object.throwErrByPath (http://localhost:34431/__cypress/runner/cypress_runner.js:149915:3)\n    at retry (http://localhost:34431/__cypress/runner/cypress_runner.js:144197:19)\n    at onFailFn (http://localhost:34431/__cypress/runner/cypress_runner.js:132448:16)\n    at tryCatcher (http://localhost:34431/__cypress/runner/cypress_runner.js:167415:23)\n    at Promise._settlePromiseFromHandler (http://localhost:34431/__cypress/runner/cypress_runner.js:165351:31)\n    at Promise._settlePromise (http://localhost:34431/__cypress/runner/cypress_runner.js:165408:18)\n    at Promise._settlePromise0 (http://localhost:34431/__cypress/runner/cypress_runner.js:165453:10)\n    at Promise._settlePromises (http://localhost:34431/__cypress/runner/cypress_runner.js:165528:18)\n    at Async../node_modules/bluebird/js/release/async.js.Async._drainQueue (http://localhost:34431/__cypress/runner/cypress_runner.js:162140:16)\n    at Async../node_modules/bluebird/js/release/async.js.Async._drainQueues (http://localhost:34431/__cypress/runner/cypress_runner.js:162150:10)\n    at Async.drainQueues (http://localhost:34431/__cypress/runner/cypress_runner.js:162024:14)",
                "diff": null
              },
              "uuid": "c0c3c22a-6bf9-4129-9d15-db8be7c9a87f",
              "parentUUID": "8d7d4ed0-38ff-4c61-a144-52aec4cf6d39",
              "isHook": false,
              "skipped": false
            }
          ],
          "suites": [],
          "passes": [],
          "failures": [
            "4f5d7d7d-01ac-4e22-9645-c26064473b8d",
            "8165c4ad-079c-4017-9199-2d828adb6ddf",
            "65c5e72b-362c-4179-a4ae-1af40416624e",
            "a30d112d-d325-459f-9ee5-812c7afa45da",
            "3f372d2f-31af-4d68-8a4b-853f41e200e7",
            "cecbb1a0-3c4c-4bbf-9713-2ac35ac4db72",
            "74a738c7-bdeb-47ff-a1c1-fb791b2db033",
            "46818005-19fe-4b2d-8afe-eee786c739ef",
            "c0c3c22a-6bf9-4129-9d15-db8be7c9a87f"
          ],
          "pending": [],
          "skipped": [],
          "duration": 37956,
          "root": false,
          "rootEmpty": false,
          "_timeout": 2000
        },
        {
          "uuid": "5600be71-1af4-419c-ba2c-a2de4c38ddde",
          "title": "11 - Limite o tamanho mínimo e máximo do board.",
          "fullFile": "",
          "file": "",
          "beforeHooks": [],
          "afterHooks": [],
          "tests": [
            {
              "title": "Verifica se a altura máxima do board é 50",
              "fullTitle": "11 - Limite o tamanho mínimo e máximo do board. Verifica se a altura máxima do board é 50",
              "timedOut": null,
              "duration": 4222,
              "state": "failed",
              "speed": null,
              "pass": false,
              "fail": true,
              "pending": false,
              "context": null,
              "code": "cy.get('#board-size').clear().type(50);\ncy.get('#generate-board').click();\ncy.get('.pixel').should('have.length', 2500);",
              "err": {
                "message": "CypressError: Timed out retrying: Expected to find element: '#board-size', but never found it.",
                "estack": "CypressError: Timed out retrying: Expected to find element: '#board-size', but never found it.\n    at cypressErr (http://localhost:34431/__cypress/runner/cypress_runner.js:149934:9)\n    at throwErr (http://localhost:34431/__cypress/runner/cypress_runner.js:149867:11)\n    at Object.throwErrByPath (http://localhost:34431/__cypress/runner/cypress_runner.js:149915:3)\n    at retry (http://localhost:34431/__cypress/runner/cypress_runner.js:144197:19)\n    at onFailFn (http://localhost:34431/__cypress/runner/cypress_runner.js:132448:16)\n    at tryCatcher (http://localhost:34431/__cypress/runner/cypress_runner.js:167415:23)\n    at Promise._settlePromiseFromHandler (http://localhost:34431/__cypress/runner/cypress_runner.js:165351:31)\n    at Promise._settlePromise (http://localhost:34431/__cypress/runner/cypress_runner.js:165408:18)\n    at Promise._settlePromise0 (http://localhost:34431/__cypress/runner/cypress_runner.js:165453:10)\n    at Promise._settlePromises (http://localhost:34431/__cypress/runner/cypress_runner.js:165528:18)\n    at Async../node_modules/bluebird/js/release/async.js.Async._drainQueue (http://localhost:34431/__cypress/runner/cypress_runner.js:162140:16)\n    at Async../node_modules/bluebird/js/release/async.js.Async._drainQueues (http://localhost:34431/__cypress/runner/cypress_runner.js:162150:10)\n    at Async.drainQueues (http://localhost:34431/__cypress/runner/cypress_runner.js:162024:14)",
                "diff": null
              },
              "uuid": "9e35ce05-9bb4-41f5-bc0d-9985d0a0bb4b",
              "parentUUID": "5600be71-1af4-419c-ba2c-a2de4c38ddde",
              "isHook": false,
              "skipped": false
            },
            {
              "title": "Verifica se a altura do board é 5 quando um valor menor é colocado no input",
              "fullTitle": "11 - Limite o tamanho mínimo e máximo do board. Verifica se a altura do board é 5 quando um valor menor é colocado no input",
              "timedOut": null,
              "duration": 4203,
              "state": "failed",
              "speed": null,
              "pass": false,
              "fail": true,
              "pending": false,
              "context": null,
              "code": "cy.get('#board-size').clear().type(4);\ncy.get('#generate-board').click();\ncy.get('.pixel').should('have.length', 25);",
              "err": {
                "message": "CypressError: Timed out retrying: Expected to find element: '#board-size', but never found it.",
                "estack": "CypressError: Timed out retrying: Expected to find element: '#board-size', but never found it.\n    at cypressErr (http://localhost:34431/__cypress/runner/cypress_runner.js:149934:9)\n    at throwErr (http://localhost:34431/__cypress/runner/cypress_runner.js:149867:11)\n    at Object.throwErrByPath (http://localhost:34431/__cypress/runner/cypress_runner.js:149915:3)\n    at retry (http://localhost:34431/__cypress/runner/cypress_runner.js:144197:19)\n    at onFailFn (http://localhost:34431/__cypress/runner/cypress_runner.js:132448:16)\n    at tryCatcher (http://localhost:34431/__cypress/runner/cypress_runner.js:167415:23)\n    at Promise._settlePromiseFromHandler (http://localhost:34431/__cypress/runner/cypress_runner.js:165351:31)\n    at Promise._settlePromise (http://localhost:34431/__cypress/runner/cypress_runner.js:165408:18)\n    at Promise._settlePromise0 (http://localhost:34431/__cypress/runner/cypress_runner.js:165453:10)\n    at Promise._settlePromises (http://localhost:34431/__cypress/runner/cypress_runner.js:165528:18)\n    at Async../node_modules/bluebird/js/release/async.js.Async._drainQueue (http://localhost:34431/__cypress/runner/cypress_runner.js:162140:16)\n    at Async../node_modules/bluebird/js/release/async.js.Async._drainQueues (http://localhost:34431/__cypress/runner/cypress_runner.js:162150:10)\n    at Async.drainQueues (http://localhost:34431/__cypress/runner/cypress_runner.js:162024:14)",
                "diff": null
              },
              "uuid": "18baddf2-b5f6-4e2a-97ca-e89d67d61471",
              "parentUUID": "5600be71-1af4-419c-ba2c-a2de4c38ddde",
              "isHook": false,
              "skipped": false
            },
            {
              "title": "Verifica se a altura do board é 50 quando um valor maior é colocado no input",
              "fullTitle": "11 - Limite o tamanho mínimo e máximo do board. Verifica se a altura do board é 50 quando um valor maior é colocado no input",
              "timedOut": null,
              "duration": 4213,
              "state": "failed",
              "speed": null,
              "pass": false,
              "fail": true,
              "pending": false,
              "context": null,
              "code": "cy.get('#board-size').clear().type(51);\ncy.get('#generate-board').click();\ncy.get('.pixel').should('have.length', 2500);",
              "err": {
                "message": "CypressError: Timed out retrying: Expected to find element: '#board-size', but never found it.",
                "estack": "CypressError: Timed out retrying: Expected to find element: '#board-size', but never found it.\n    at cypressErr (http://localhost:34431/__cypress/runner/cypress_runner.js:149934:9)\n    at throwErr (http://localhost:34431/__cypress/runner/cypress_runner.js:149867:11)\n    at Object.throwErrByPath (http://localhost:34431/__cypress/runner/cypress_runner.js:149915:3)\n    at retry (http://localhost:34431/__cypress/runner/cypress_runner.js:144197:19)\n    at onFailFn (http://localhost:34431/__cypress/runner/cypress_runner.js:132448:16)\n    at tryCatcher (http://localhost:34431/__cypress/runner/cypress_runner.js:167415:23)\n    at Promise._settlePromiseFromHandler (http://localhost:34431/__cypress/runner/cypress_runner.js:165351:31)\n    at Promise._settlePromise (http://localhost:34431/__cypress/runner/cypress_runner.js:165408:18)\n    at Promise._settlePromise0 (http://localhost:34431/__cypress/runner/cypress_runner.js:165453:10)\n    at Promise._settlePromises (http://localhost:34431/__cypress/runner/cypress_runner.js:165528:18)\n    at Async../node_modules/bluebird/js/release/async.js.Async._drainQueue (http://localhost:34431/__cypress/runner/cypress_runner.js:162140:16)\n    at Async../node_modules/bluebird/js/release/async.js.Async._drainQueues (http://localhost:34431/__cypress/runner/cypress_runner.js:162150:10)\n    at Async.drainQueues (http://localhost:34431/__cypress/runner/cypress_runner.js:162024:14)",
                "diff": null
              },
              "uuid": "3b78816b-7370-4c89-97bd-932077cf1099",
              "parentUUID": "5600be71-1af4-419c-ba2c-a2de4c38ddde",
              "isHook": false,
              "skipped": false
            }
          ],
          "suites": [],
          "passes": [],
          "failures": [
            "9e35ce05-9bb4-41f5-bc0d-9985d0a0bb4b",
            "18baddf2-b5f6-4e2a-97ca-e89d67d61471",
            "3b78816b-7370-4c89-97bd-932077cf1099"
          ],
          "pending": [],
          "skipped": [],
          "duration": 12638,
          "root": false,
          "rootEmpty": false,
          "_timeout": 2000
        },
        {
          "uuid": "1245850f-2a9b-477f-bebf-8839fd2b5abf",
          "title": "12 - Faça com que as cores da paleta sejam geradas aleatoriamente ao carregar a página.",
          "fullFile": "",
          "file": "",
          "beforeHooks": [],
          "afterHooks": [],
          "tests": [
            {
              "title": "Verifica se as cores geradas na paleta são diferentes a cada carregamento da página",
              "fullTitle": "12 - Faça com que as cores da paleta sejam geradas aleatoriamente ao carregar a página. Verifica se as cores geradas na paleta são diferentes a cada carregamento da página",
              "timedOut": null,
              "duration": 266,
              "state": "failed",
              "speed": null,
              "pass": false,
              "fail": true,
              "pending": false,
              "context": null,
              "code": "cy.get('.color').then(function (colors) {\n  var currentColors;\n  var previousColors;\n  previousColors = Array.from(colors).map(function (color) {\n    return Cypress.$(color).css('background-color');\n  });\n  for (var i = 0; i < 5; i += 1) {\n    cy.reload();\n    cy.get('.color').then(function (colors) {\n      currentColors = Array.from(colors).map(function (color) {\n        return Cypress.$(color).css('background-color');\n      });\n      expect(currentColors).not.to.deep.equal(previousColors);\n      previousColors = currentColors;\n    });\n  }\n});",
              "err": {
                "message": "AssertionError: expected [ Array(4) ] to not deeply equal [ Array(4) ]",
                "estack": "AssertionError: expected [ Array(4) ] to not deeply equal [ Array(4) ]\n    at getRet (http://localhost:34431/__cypress/runner/cypress_runner.js:136585:16)\n    at tryCatcher (http://localhost:34431/__cypress/runner/cypress_runner.js:167415:23)\n    at Function.Promise.attempt.Promise.try (http://localhost:34431/__cypress/runner/cypress_runner.js:164690:29)\n    at Context.thenFn (http://localhost:34431/__cypress/runner/cypress_runner.js:136599:23)\n    at Context.then (http://localhost:34431/__cypress/runner/cypress_runner.js:136971:21)\n    at Context.<anonymous> (http://localhost:34431/__cypress/runner/cypress_runner.js:148875:21)\n    at http://localhost:34431/__cypress/runner/cypress_runner.js:148351:33\n    at tryCatcher (http://localhost:34431/__cypress/runner/cypress_runner.js:167415:23)\n    at Promise._settlePromiseFromHandler (http://localhost:34431/__cypress/runner/cypress_runner.js:165351:31)\n    at Promise._settlePromise (http://localhost:34431/__cypress/runner/cypress_runner.js:165408:18)\n    at Promise._settlePromiseCtx (http://localhost:34431/__cypress/runner/cypress_runner.js:165445:10)\n    at Async../node_modules/bluebird/js/release/async.js.Async._drainQueue (http://localhost:34431/__cypress/runner/cypress_runner.js:162145:12)\n    at Async../node_modules/bluebird/js/release/async.js.Async._drainQueues (http://localhost:34431/__cypress/runner/cypress_runner.js:162150:10)\n    at Async.drainQueues (http://localhost:34431/__cypress/runner/cypress_runner.js:162024:14)",
                "diff": ""
              },
              "uuid": "f49a96ce-82c0-4b9f-be97-a4b2b534d402",
              "parentUUID": "1245850f-2a9b-477f-bebf-8839fd2b5abf",
              "isHook": false,
              "skipped": false
            },
            {
              "title": "Verifica se a cor preta ainda está presente e é a primeira na sua paleta de cores",
              "fullTitle": "12 - Faça com que as cores da paleta sejam geradas aleatoriamente ao carregar a página. Verifica se a cor preta ainda está presente e é a primeira na sua paleta de cores",
              "timedOut": null,
              "duration": 238,
              "state": "failed",
              "speed": null,
              "pass": false,
              "fail": true,
              "pending": false,
              "context": null,
              "code": "cy.get('.color').then(function (colors) {\n  var currentColors;\n  var previousColors;\n  previousColors = Array.from(colors).map(function (color) {\n    return Cypress.$(color).css('background-color');\n  });\n  expect(previousColors[0]).to.eq(BLACK);\n  for (var i = 0; i < 5; i += 1) {\n    cy.reload();\n    cy.get('.color').then(function (colors) {\n      currentColors = Array.from(colors).map(function (color) {\n        return Cypress.$(color).css('background-color');\n      });\n      expect(currentColors[0]).to.eq(BLACK);\n      expect(currentColors).not.to.deep.equal(previousColors);\n      previousColors = currentColors;\n    });\n  }\n});",
              "err": {
                "message": "AssertionError: expected [ Array(4) ] to not deeply equal [ Array(4) ]",
                "estack": "AssertionError: expected [ Array(4) ] to not deeply equal [ Array(4) ]\n    at getRet (http://localhost:34431/__cypress/runner/cypress_runner.js:136585:16)\n    at tryCatcher (http://localhost:34431/__cypress/runner/cypress_runner.js:167415:23)\n    at Function.Promise.attempt.Promise.try (http://localhost:34431/__cypress/runner/cypress_runner.js:164690:29)\n    at Context.thenFn (http://localhost:34431/__cypress/runner/cypress_runner.js:136599:23)\n    at Context.then (http://localhost:34431/__cypress/runner/cypress_runner.js:136971:21)\n    at Context.<anonymous> (http://localhost:34431/__cypress/runner/cypress_runner.js:148875:21)\n    at http://localhost:34431/__cypress/runner/cypress_runner.js:148351:33\n    at tryCatcher (http://localhost:34431/__cypress/runner/cypress_runner.js:167415:23)\n    at Promise._settlePromiseFromHandler (http://localhost:34431/__cypress/runner/cypress_runner.js:165351:31)\n    at Promise._settlePromise (http://localhost:34431/__cypress/runner/cypress_runner.js:165408:18)\n    at Promise._settlePromiseCtx (http://localhost:34431/__cypress/runner/cypress_runner.js:165445:10)\n    at Async../node_modules/bluebird/js/release/async.js.Async._drainQueue (http://localhost:34431/__cypress/runner/cypress_runner.js:162145:12)\n    at Async../node_modules/bluebird/js/release/async.js.Async._drainQueues (http://localhost:34431/__cypress/runner/cypress_runner.js:162150:10)\n    at Async.drainQueues (http://localhost:34431/__cypress/runner/cypress_runner.js:162024:14)",
                "diff": ""
              },
              "uuid": "3302a264-7936-4af2-8f38-1a3254c2233e",
              "parentUUID": "1245850f-2a9b-477f-bebf-8839fd2b5abf",
              "isHook": false,
              "skipped": false
            }
          ],
          "suites": [],
          "passes": [],
          "failures": [
            "f49a96ce-82c0-4b9f-be97-a4b2b534d402",
            "3302a264-7936-4af2-8f38-1a3254c2233e"
          ],
          "pending": [],
          "skipped": [],
          "duration": 504,
          "root": false,
          "rootEmpty": false,
          "_timeout": 2000
        }
      ],
      "passes": [],
      "failures": [],
      "pending": [],
      "skipped": [],
      "duration": 0,
      "root": true,
      "rootEmpty": true,
      "_timeout": 2000
    }
  ],
  "meta": {
    "mocha": {
      "version": "7.0.1"
    },
    "mochawesome": {
      "options": {
        "quiet": false,
        "reportFilename": "mochawesome",
        "saveHtml": false,
        "saveJson": true,
        "consoleReporter": "spec",
        "useInlineDiffs": false
      },
      "version": "4.1.0"
    },
    "marge": {
      "options": {
        "id": "default",
        "reportDir": "cypress/reports",
        "overwrite": true,
        "html": false,
        "json": true
      },
      "version": "4.1.0"
    }
  }
}